[0.541s] Invoking command in '/home/chen/town_ws/src/village_li': PYTHONPATH=/home/chen/town_ws/build/village_li/prefix_override:/home/chen/town_ws/install/village_li/lib/python3.10/site-packages:${PYTHONPATH} /usr/bin/python3 setup.py egg_info --egg-base ../../build/village_li build --build-base /home/chen/town_ws/build/village_li/build install --record /home/chen/town_ws/build/village_li/install.log --single-version-externally-managed
[0.736s] running egg_info
[0.736s] writing ../../build/village_li/village_li.egg-info/PKG-INFO
[0.736s] writing dependency_links to ../../build/village_li/village_li.egg-info/dependency_links.txt
[0.736s] writing entry points to ../../build/village_li/village_li.egg-info/entry_points.txt
[0.736s] writing requirements to ../../build/village_li/village_li.egg-info/requires.txt
[0.737s] writing top-level names to ../../build/village_li/village_li.egg-info/top_level.txt
[0.739s] reading manifest file '../../build/village_li/village_li.egg-info/SOURCES.txt'
[0.739s] writing manifest file '../../build/village_li/village_li.egg-info/SOURCES.txt'
[0.739s] running build
[0.739s] running build_py
[0.739s] copying village_li/li4.py -> /home/chen/town_ws/build/village_li/build/lib/village_li
[0.740s] running install
[0.741s] running install_lib
[0.741s] copying /home/chen/town_ws/build/village_li/build/lib/village_li/li4.py -> /home/chen/town_ws/install/village_li/lib/python3.10/site-packages/village_li
[0.741s] byte-compiling /home/chen/town_ws/install/village_li/lib/python3.10/site-packages/village_li/li4.py to li4.cpython-310.pyc
[0.743s] running install_data
[0.743s] running install_egg_info
[0.745s] removing '/home/chen/town_ws/install/village_li/lib/python3.10/site-packages/village_li-0.0.0-py3.10.egg-info' (and everything under it)
[0.745s] Copying ../../build/village_li/village_li.egg-info to /home/chen/town_ws/install/village_li/lib/python3.10/site-packages/village_li-0.0.0-py3.10.egg-info
[0.748s] running install_scripts
[0.763s] Installing li4_node script to /home/chen/town_ws/install/village_li/lib/village_li
[0.766s] writing list of installed files to '/home/chen/town_ws/build/village_li/install.log'
[0.783s] Invoked command in '/home/chen/town_ws/src/village_li' returned '0': PYTHONPATH=/home/chen/town_ws/build/village_li/prefix_override:/home/chen/town_ws/install/village_li/lib/python3.10/site-packages:${PYTHONPATH} /usr/bin/python3 setup.py egg_info --egg-base ../../build/village_li build --build-base /home/chen/town_ws/build/village_li/build install --record /home/chen/town_ws/build/village_li/install.log --single-version-externally-managed
