[0.013s] Invoking command in '/home/chen/town_ws/build/village_wang': CMAKE_PREFIX_PATH=/opt/ros/humble /usr/bin/cmake /home/chen/town_ws/src/village_wang -DCMAKE_INSTALL_PREFIX=/home/chen/town_ws/install/village_wang
[0.087s] -- The C compiler identification is GNU 11.3.0
[0.274s] -- The CXX compiler identification is GNU 11.3.0
[0.293s] -- Detecting C compiler ABI info
[0.347s] -- Detecting C compiler ABI info - done
[0.348s] -- Check for working C compiler: /usr/bin/cc - skipped
[0.349s] -- Detecting C compile features
[0.349s] -- Detecting C compile features - done
[0.352s] -- Detecting CXX compiler ABI info
[0.393s] -- Detecting CXX compiler ABI info - done
[0.398s] -- Check for working CXX compiler: /usr/bin/c++ - skipped
[0.398s] -- Detecting CXX compile features
[0.398s] -- Detecting CXX compile features - done
[0.399s] -- Found ament_cmake: 1.3.4 (/opt/ros/humble/share/ament_cmake/cmake)
[0.618s] -- Found Python3: /usr/bin/python3.10 (found version "3.10.6") found components: Interpreter 
[0.830s] -- Found rclcpp: 16.0.4 (/opt/ros/humble/share/rclcpp/cmake)
[0.865s] -- Found rosidl_generator_c: 3.1.4 (/opt/ros/humble/share/rosidl_generator_c/cmake)
[0.869s] -- Found rosidl_adapter: 3.1.4 (/opt/ros/humble/share/rosidl_adapter/cmake)
[0.876s] -- Found rosidl_generator_cpp: 3.1.4 (/opt/ros/humble/share/rosidl_generator_cpp/cmake)
[0.888s] -- Using all available rosidl_typesupport_c: rosidl_typesupport_fastrtps_c;rosidl_typesupport_introspection_c
[0.901s] -- Using all available rosidl_typesupport_cpp: rosidl_typesupport_fastrtps_cpp;rosidl_typesupport_introspection_cpp
[0.961s] -- Found rmw_implementation_cmake: 6.1.1 (/opt/ros/humble/share/rmw_implementation_cmake/cmake)
[0.964s] -- Found rmw_fastrtps_cpp: 6.2.2 (/opt/ros/humble/share/rmw_fastrtps_cpp/cmake)
[1.090s] -- Found OpenSSL: /usr/lib/x86_64-linux-gnu/libcrypto.so (found version "3.0.2")  
[1.132s] -- Found FastRTPS: /opt/ros/humble/include  
[1.174s] -- Using RMW implementation 'rmw_fastrtps_cpp' as default
[1.184s] -- Looking for pthread.h
[1.222s] -- Looking for pthread.h - found
[1.222s] -- Performing Test CMAKE_HAVE_LIBC_PTHREAD
[1.283s] -- Performing Test CMAKE_HAVE_LIBC_PTHREAD - Success
[1.283s] -- Found Threads: TRUE  
[1.397s] -- Found ament_lint_auto: 0.12.6 (/opt/ros/humble/share/ament_lint_auto/cmake)
[1.440s] -- Added test 'cppcheck' to perform static code analysis on C / C++ code
[1.441s] -- Configured cppcheck include dirs: 
[1.441s] -- Configured cppcheck exclude dirs and/or files: 
[1.442s] -- Added test 'lint_cmake' to check CMake code style
[1.443s] -- Added test 'uncrustify' to check C / C++ code style
[1.443s] -- Configured uncrustify additional arguments: 
[1.443s] -- Added test 'xmllint' to check XML markup files
[1.444s] -- Configuring done
[1.454s] -- Generating done
[1.456s] -- Build files have been written to: /home/chen/town_ws/build/village_wang
[1.461s] Invoked command in '/home/chen/town_ws/build/village_wang' returned '0': CMAKE_PREFIX_PATH=/opt/ros/humble /usr/bin/cmake /home/chen/town_ws/src/village_wang -DCMAKE_INSTALL_PREFIX=/home/chen/town_ws/install/village_wang
[1.462s] Invoking command in '/home/chen/town_ws/build/village_wang': CMAKE_PREFIX_PATH=/opt/ros/humble /usr/bin/cmake --build /home/chen/town_ws/build/village_wang -- -j4 -l4
[1.532s] [ 50%] [32mBuilding CXX object CMakeFiles/wang2_node.dir/src/wang2.cpp.o[0m
[5.257s] [100%] [32m[1mLinking CXX executable wang2_node[0m
[5.488s] [100%] Built target wang2_node
[5.498s] Invoked command in '/home/chen/town_ws/build/village_wang' returned '0': CMAKE_PREFIX_PATH=/opt/ros/humble /usr/bin/cmake --build /home/chen/town_ws/build/village_wang -- -j4 -l4
[5.517s] Invoking command in '/home/chen/town_ws/build/village_wang': CMAKE_PREFIX_PATH=/opt/ros/humble /usr/bin/cmake --install /home/chen/town_ws/build/village_wang
[5.533s] -- Install configuration: ""
[5.534s] -- Installing: /home/chen/town_ws/install/village_wang/share/ament_index/resource_index/package_run_dependencies/village_wang
[5.534s] -- Installing: /home/chen/town_ws/install/village_wang/share/ament_index/resource_index/parent_prefix_path/village_wang
[5.534s] -- Installing: /home/chen/town_ws/install/village_wang/share/village_wang/environment/ament_prefix_path.sh
[5.534s] -- Installing: /home/chen/town_ws/install/village_wang/share/village_wang/environment/ament_prefix_path.dsv
[5.534s] -- Installing: /home/chen/town_ws/install/village_wang/share/village_wang/environment/path.sh
[5.534s] -- Installing: /home/chen/town_ws/install/village_wang/share/village_wang/environment/path.dsv
[5.534s] -- Installing: /home/chen/town_ws/install/village_wang/share/village_wang/local_setup.bash
[5.545s] -- Installing: /home/chen/town_ws/install/village_wang/share/village_wang/local_setup.sh
[5.545s] -- Installing: /home/chen/town_ws/install/village_wang/share/village_wang/local_setup.zsh
[5.545s] -- Installing: /home/chen/town_ws/install/village_wang/share/village_wang/local_setup.dsv
[5.545s] -- Installing: /home/chen/town_ws/install/village_wang/share/village_wang/package.dsv
[5.545s] -- Installing: /home/chen/town_ws/install/village_wang/share/ament_index/resource_index/packages/village_wang
[5.545s] -- Installing: /home/chen/town_ws/install/village_wang/share/village_wang/cmake/village_wangConfig.cmake
[5.545s] -- Installing: /home/chen/town_ws/install/village_wang/share/village_wang/cmake/village_wangConfig-version.cmake
[5.545s] -- Installing: /home/chen/town_ws/install/village_wang/share/village_wang/package.xml
[5.545s] -- Installing: /home/chen/town_ws/install/village_wang/lib/village_wang/wang2_node
[5.545s] -- Set runtime path of "/home/chen/town_ws/install/village_wang/lib/village_wang/wang2_node" to ""
[5.546s] Invoked command in '/home/chen/town_ws/build/village_wang' returned '0': CMAKE_PREFIX_PATH=/opt/ros/humble /usr/bin/cmake --install /home/chen/town_ws/build/village_wang
