[0.019s] Invoking command in '/home/chen/town_ws/build/village_wang': CMAKE_PREFIX_PATH=${CMAKE_PREFIX_PATH}:/home/chen/town_ws/install/village_li:/opt/ros/humble /usr/bin/cmake --build /home/chen/town_ws/build/village_wang -- -j4 -l4
[0.105s] [35m[1mConsolidate compiler generated dependencies of target wang2_node[0m
[0.129s] [ 50%] [32mBuilding CXX object CMakeFiles/wang2_node.dir/src/wang2.cpp.o[0m
[3.493s] [100%] [32m[1mLinking CXX executable wang2_node[0m
[3.601s] [100%] Built target wang2_node
[3.611s] Invoked command in '/home/chen/town_ws/build/village_wang' returned '0': CMAKE_PREFIX_PATH=${CMAKE_PREFIX_PATH}:/home/chen/town_ws/install/village_li:/opt/ros/humble /usr/bin/cmake --build /home/chen/town_ws/build/village_wang -- -j4 -l4
[3.670s] Invoking command in '/home/chen/town_ws/build/village_wang': CMAKE_PREFIX_PATH=${CMAKE_PREFIX_PATH}:/home/chen/town_ws/install/village_li:/opt/ros/humble /usr/bin/cmake --install /home/chen/town_ws/build/village_wang
[3.678s] -- Install configuration: ""
[3.678s] -- Up-to-date: /home/chen/town_ws/install/village_wang/share/ament_index/resource_index/package_run_dependencies/village_wang
[3.678s] -- Up-to-date: /home/chen/town_ws/install/village_wang/share/ament_index/resource_index/parent_prefix_path/village_wang
[3.678s] -- Up-to-date: /home/chen/town_ws/install/village_wang/share/village_wang/environment/ament_prefix_path.sh
[3.678s] -- Up-to-date: /home/chen/town_ws/install/village_wang/share/village_wang/environment/ament_prefix_path.dsv
[3.678s] -- Up-to-date: /home/chen/town_ws/install/village_wang/share/village_wang/environment/path.sh
[3.678s] -- Up-to-date: /home/chen/town_ws/install/village_wang/share/village_wang/environment/path.dsv
[3.678s] -- Up-to-date: /home/chen/town_ws/install/village_wang/share/village_wang/local_setup.bash
[3.678s] -- Up-to-date: /home/chen/town_ws/install/village_wang/share/village_wang/local_setup.sh
[3.679s] -- Up-to-date: /home/chen/town_ws/install/village_wang/share/village_wang/local_setup.zsh
[3.679s] -- Up-to-date: /home/chen/town_ws/install/village_wang/share/village_wang/local_setup.dsv
[3.679s] -- Installing: /home/chen/town_ws/install/village_wang/share/village_wang/package.dsv
[3.679s] -- Up-to-date: /home/chen/town_ws/install/village_wang/share/ament_index/resource_index/packages/village_wang
[3.679s] -- Up-to-date: /home/chen/town_ws/install/village_wang/share/village_wang/cmake/village_wangConfig.cmake
[3.679s] -- Up-to-date: /home/chen/town_ws/install/village_wang/share/village_wang/cmake/village_wangConfig-version.cmake
[3.679s] -- Up-to-date: /home/chen/town_ws/install/village_wang/share/village_wang/package.xml
[3.679s] -- Installing: /home/chen/town_ws/install/village_wang/lib/village_wang/wang2_node
[3.679s] -- Set runtime path of "/home/chen/town_ws/install/village_wang/lib/village_wang/wang2_node" to ""
[3.683s] Invoked command in '/home/chen/town_ws/build/village_wang' returned '0': CMAKE_PREFIX_PATH=${CMAKE_PREFIX_PATH}:/home/chen/town_ws/install/village_li:/opt/ros/humble /usr/bin/cmake --install /home/chen/town_ws/build/village_wang
