[0.455s] Invoking command in '/home/chen/town_ws/src/village_li': PYTHONPATH=/home/chen/town_ws/build/village_li/prefix_override:/home/chen/town_ws/install/village_li/lib/python3.10/site-packages:${PYTHONPATH} /usr/bin/python3 setup.py egg_info --egg-base ../../build/village_li build --build-base /home/chen/town_ws/build/village_li/build install --record /home/chen/town_ws/build/village_li/install.log --single-version-externally-managed
[0.690s] running egg_info
[0.691s] creating ../../build/village_li/village_li.egg-info
[0.698s] writing ../../build/village_li/village_li.egg-info/PKG-INFO
[0.698s] writing dependency_links to ../../build/village_li/village_li.egg-info/dependency_links.txt
[0.703s] writing entry points to ../../build/village_li/village_li.egg-info/entry_points.txt
[0.703s] writing requirements to ../../build/village_li/village_li.egg-info/requires.txt
[0.703s] writing top-level names to ../../build/village_li/village_li.egg-info/top_level.txt
[0.703s] writing manifest file '../../build/village_li/village_li.egg-info/SOURCES.txt'
[0.703s] reading manifest file '../../build/village_li/village_li.egg-info/SOURCES.txt'
[0.704s] writing manifest file '../../build/village_li/village_li.egg-info/SOURCES.txt'
[0.704s] running build
[0.704s] running build_py
[0.704s] creating /home/chen/town_ws/build/village_li/build
[0.704s] creating /home/chen/town_ws/build/village_li/build/lib
[0.704s] creating /home/chen/town_ws/build/village_li/build/lib/village_li
[0.704s] copying village_li/li4.py -> /home/chen/town_ws/build/village_li/build/lib/village_li
[0.704s] copying village_li/__init__.py -> /home/chen/town_ws/build/village_li/build/lib/village_li
[0.704s] running install
[0.705s] running install_lib
[0.705s] creating /home/chen/town_ws/install/village_li/lib/python3.10/site-packages/village_li
[0.705s] copying /home/chen/town_ws/build/village_li/build/lib/village_li/li4.py -> /home/chen/town_ws/install/village_li/lib/python3.10/site-packages/village_li
[0.706s] copying /home/chen/town_ws/build/village_li/build/lib/village_li/__init__.py -> /home/chen/town_ws/install/village_li/lib/python3.10/site-packages/village_li
[0.708s] byte-compiling /home/chen/town_ws/install/village_li/lib/python3.10/site-packages/village_li/li4.py to li4.cpython-310.pyc
[0.708s] byte-compiling /home/chen/town_ws/install/village_li/lib/python3.10/site-packages/village_li/__init__.py to __init__.cpython-310.pyc
[0.708s] running install_data
[0.708s] creating /home/chen/town_ws/install/village_li/share/ament_index
[0.709s] creating /home/chen/town_ws/install/village_li/share/ament_index/resource_index
[0.709s] creating /home/chen/town_ws/install/village_li/share/ament_index/resource_index/packages
[0.709s] copying resource/village_li -> /home/chen/town_ws/install/village_li/share/ament_index/resource_index/packages
[0.709s] copying package.xml -> /home/chen/town_ws/install/village_li/share/village_li
[0.709s] running install_egg_info
[0.709s] Copying ../../build/village_li/village_li.egg-info to /home/chen/town_ws/install/village_li/lib/python3.10/site-packages/village_li-0.0.0-py3.10.egg-info
[0.714s] running install_scripts
[0.726s] Installing li4_node script to /home/chen/town_ws/install/village_li/lib/village_li
[0.727s] writing list of installed files to '/home/chen/town_ws/build/village_li/install.log'
[0.746s] Invoked command in '/home/chen/town_ws/src/village_li' returned '0': PYTHONPATH=/home/chen/town_ws/build/village_li/prefix_override:/home/chen/town_ws/install/village_li/lib/python3.10/site-packages:${PYTHONPATH} /usr/bin/python3 setup.py egg_info --egg-base ../../build/village_li build --build-base /home/chen/town_ws/build/village_li/build install --record /home/chen/town_ws/build/village_li/install.log --single-version-externally-managed
